#-----------------------------------------------------------
# Vivado v2021.1.1 (64-bit)
# SW Build 3286242 on Wed Jul 28 13:10:47 MDT 2021
# IP Build 3279568 on Wed Jul 28 16:48:48 MDT 2021
# Start of session at: Wed Sep 29 13:29:41 2021
# Process ID: 24620
# Current directory: V:/zxnext/zxkeyboard
# Command line: vivado.exe -gui_launcher_event rodinguilauncherevent42128 V:\zxnext\zxkeyboard\zxkeyboard.xpr
# Log file: V:/zxnext/zxkeyboard/vivado.log
# Journal file: V:/zxnext/zxkeyboard\vivado.jou
#-----------------------------------------------------------
start_gui
open_project V:/zxnext/zxkeyboard/zxkeyboard.xpr
WARNING: [filemgmt 56-3] Default IP Output Path : Could not find the directory 'V:/zxnext/zxkeyboard/zxkeyboard.gen/sources_1'.
CRITICAL WARNING: [Project 1-19] Could not find the file 'V:/zxnext/zxkeyboard/zxkeyboard.srcs/sources_1/new/keyboard.v'.
CRITICAL WARNING: [Project 1-19] Could not find the file 'V:/zxnext/zxkeyboard/component.xml'.
Scanning sources...
Finished scanning sources
INFO: [IP_Flow 19-234] Refreshing IP repositories
INFO: [IP_Flow 19-1700] Loaded user IP repository 'v:/zxnext/zxkeyboard'.
INFO: [IP_Flow 19-1700] Loaded user IP repository 'v:/zxnext/ip'.
INFO: [IP_Flow 19-2313] Loaded Vivado IP repository 'C:/Xilinx/Vivado/2021.1/data/ip'.
open_project: Time (s): cpu = 00:00:21 ; elapsed = 00:00:11 . Memory (MB): peak = 1251.371 ; gain = 0.000
update_compile_order -fileset sources_1
update_compile_order -fileset sources_1
close_project
open_project V:/zxnext/zxaudio/zxaudio.xpr
WARNING: [filemgmt 56-3] Default IP Output Path : Could not find the directory 'V:/zxnext/zxaudio/zxaudio.gen/sources_1'.
CRITICAL WARNING: [Project 1-19] Could not find the file 'V:/zxnext/zxaudio/component.xml'.
Scanning sources...
Finished scanning sources
INFO: [IP_Flow 19-234] Refreshing IP repositories
INFO: [IP_Flow 19-1700] Loaded user IP repository 'v:/zxnext/zxaudio'.
INFO: [IP_Flow 19-1700] Loaded user IP repository 'v:/zxnext/ip'.
INFO: [IP_Flow 19-2313] Loaded Vivado IP repository 'C:/Xilinx/Vivado/2021.1/data/ip'.
update_compile_order -fileset sources_1
exit
INFO: [Common 17-206] Exiting Vivado at Wed Sep 29 13:42:42 2021...
