Copyright 1986-2021 Xilinx, Inc. All Rights Reserved.
------------------------------------------------------------------------------------
| Tool Version : Vivado v.2021.2 (win64) Build 3367213 Tue Oct 19 02:48:09 MDT 2021
| Date         : Thu Dec  2 09:10:12 2021
| Host         : JL69XDHR2 running 64-bit major release  (build 9200)
| Command      : upgrade_ip
| Device       : xc7a100tcsg324-1
------------------------------------------------------------------------------------

Upgrade Log for IP 'zxaudio_mic_0_0'

1. Summary
----------

CAUTION (success, with warnings) in the conversion of zxaudio_mic_0_0 (xilinx.com:module_ref:mic:1.0 (Rev. 1)) to Vivado generation flows.

After upgrade, an IP may have parameter and port differences compared to the original customization. Please review the parameters within the IP customization GUI to ensure proper functionality. Also, please review the updated IP instantiation template to ensure proper connectivity, and update your design if required.

2. Interface Information
------------------------

Detected external interface differences while upgrading 'zxaudio_mic_0_0'.


-Upgrade has added interface 'specnext_speaker' (specnext.com:specnext:speaker:1.0)

-Upgrade has added interface 'specnext_tape' (specnext.com:specnext:tape:1.0)


3. Connection Warnings
----------------------

Detected external port differences while upgrading 'zxaudio_mic_0_0'. These changes may impact your design.


-Upgraded port order differs after port 'mic'


