Copyright 1986-2021 Xilinx, Inc. All Rights Reserved.
------------------------------------------------------------------------------------
| Tool Version : Vivado v.2021.2 (win64) Build 3367213 Tue Oct 19 02:48:09 MDT 2021
| Date         : Mon Nov 15 15:46:30 2021
| Host         : JL69XDHR2 running 64-bit major release  (build 9200)
| Command      : upgrade_ip
| Device       : xc7a100tcsg324-1
------------------------------------------------------------------------------------

Upgrade Log for IP 'zxram2_axi_interconnect_0_1'

1. Summary
----------

SUCCESS in the upgrade of zxram2_axi_interconnect_0_1 (xilinx.com:ip:axi_interconnect:2.1) from (Rev. 25) to (Rev. 26)






Copyright 1986-2021 Xilinx, Inc. All Rights Reserved.
------------------------------------------------------------------------------------
| Tool Version : Vivado v.2021.1 (win64) Build 3247384 Thu Jun 10 19:36:33 MDT 2021
| Date         : Sat Nov  6 21:20:53 2021
| Host         : JL69XDHR2 running 64-bit major release  (build 9200)
| Command      : upgrade_ip
| Device       : xc7a100tcsg324-1
------------------------------------------------------------------------------------

Upgrade Log for IP 'zxram2_axi_interconnect_0_0'

1. Summary
----------

SUCCESS in the conversion of zxram2_axi_interconnect_0_0 (xilinx.com:ip:axi_interconnect:2.1 (Rev. 25)) to Vivado generation flows.

