Copyright 1986-2021 Xilinx, Inc. All Rights Reserved.
------------------------------------------------------------------------------------
| Tool Version : Vivado v.2021.2 (win64) Build 3367213 Tue Oct 19 02:48:09 MDT 2021
| Date         : Mon Dec 20 15:54:59 2021
| Host         : AW13R3 running 64-bit major release  (build 9200)
| Command      : upgrade_ip
| Device       : xc7a100tcsg324-1
------------------------------------------------------------------------------------

Upgrade Log for IP 'zxnexys_zxjoystick_0_0'

1. Summary
----------

SUCCESS in the upgrade of zxnexys_zxjoystick_0_0 (specnext.com:specnext:zxjoystick:2.3) from (Rev. 18) to (Rev. 22)






Copyright 1986-2021 Xilinx, Inc. All Rights Reserved.
------------------------------------------------------------------------------------
| Tool Version : Vivado v.2021.2 (win64) Build 3367213 Tue Oct 19 02:48:09 MDT 2021
| Date         : Mon Dec 20 15:54:59 2021
| Host         : AW13R3 running 64-bit major release  (build 9200)
| Command      : upgrade_ip
| Device       : xc7a100tcsg324-1
------------------------------------------------------------------------------------

Upgrade Log for IP 'zxnexys_zxaudio_0_0'

1. Summary
----------

SUCCESS in the upgrade of zxnexys_zxaudio_0_0 (specnext.com:specnext:zxaudio:1.3) from (Rev. 19) to (Rev. 21)






Copyright 1986-2021 Xilinx, Inc. All Rights Reserved.
------------------------------------------------------------------------------------
| Tool Version : Vivado v.2021.2 (win64) Build 3367213 Tue Oct 19 02:48:09 MDT 2021
| Date         : Mon Dec 20 11:58:06 2021
| Host         : AW13R3 running 64-bit major release  (build 9200)
| Command      : upgrade_ip
| Device       : xc7a100tcsg324-1
------------------------------------------------------------------------------------

Upgrade Log for IP 'zxnexys_zxjoystick_0_0'

1. Summary
----------

SUCCESS in the upgrade of zxnexys_zxjoystick_0_0 (specnext.com:specnext:zxjoystick:2.3) from (Rev. 17) to (Rev. 18)






Copyright 1986-2021 Xilinx, Inc. All Rights Reserved.
------------------------------------------------------------------------------------
| Tool Version : Vivado v.2021.2 (win64) Build 3367213 Tue Oct 19 02:48:09 MDT 2021
| Date         : Mon Dec 20 11:58:06 2021
| Host         : AW13R3 running 64-bit major release  (build 9200)
| Command      : upgrade_ip
| Device       : xc7a100tcsg324-1
------------------------------------------------------------------------------------

Upgrade Log for IP 'zxnexys_zxaudio_0_0'

1. Summary
----------

SUCCESS in the upgrade of zxnexys_zxaudio_0_0 (specnext.com:specnext:zxaudio:1.3) from (Rev. 18) to (Rev. 19)






Copyright 1986-2021 Xilinx, Inc. All Rights Reserved.
------------------------------------------------------------------------------------
| Tool Version : Vivado v.2021.2 (win64) Build 3367213 Tue Oct 19 02:48:09 MDT 2021
| Date         : Mon Dec 20 08:47:50 2021
| Host         : AW13R3 running 64-bit major release  (build 9200)
| Command      : upgrade_ip
| Device       : xc7a100tcsg324-1
------------------------------------------------------------------------------------

Upgrade Log for IP 'zxnexys_pmod_i2s2_0_0'

1. Summary
----------

CAUTION (success, with warnings) in the upgrade of zxnexys_pmod_i2s2_0_0 (specnext.com:specnext:pmod_i2s2:1.1) from (Rev. 3) to (Rev. 4)

After upgrade, an IP may have parameter and port differences compared to the original customization. Please review the parameters within the IP customization GUI to ensure proper functionality. Also, please review the updated IP instantiation template to ensure proper connectivity, and update your design if required.

2. Connection Warnings
----------------------

Detected external port differences while upgrading 'zxnexys_pmod_i2s2_0_0'. These changes may impact your design.


-Upgraded port order differs after port 'linein_lrck'







Copyright 1986-2021 Xilinx, Inc. All Rights Reserved.
------------------------------------------------------------------------------------
| Tool Version : Vivado v.2021.2 (win64) Build 3367213 Tue Oct 19 02:48:09 MDT 2021
| Date         : Mon Dec 20 08:21:38 2021
| Host         : AW13R3 running 64-bit major release  (build 9200)
| Command      : upgrade_ip
| Device       : xc7a100tcsg324-1
------------------------------------------------------------------------------------

Upgrade Log for IP 'zxnexys_zxnexys_mic_0_0'

1. Summary
----------

SUCCESS in the upgrade of zxnexys_zxnexys_mic_0_0 (specnext.com:specnext:zxnexys_mic:1.0) from (Rev. 8) to (Rev. 9)






Copyright 1986-2021 Xilinx, Inc. All Rights Reserved.
------------------------------------------------------------------------------------
| Tool Version : Vivado v.2021.2 (win64) Build 3367213 Tue Oct 19 02:48:09 MDT 2021
| Date         : Mon Dec 20 08:21:38 2021
| Host         : AW13R3 running 64-bit major release  (build 9200)
| Command      : upgrade_ip
| Device       : xc7a100tcsg324-1
------------------------------------------------------------------------------------

Upgrade Log for IP 'zxnexys_zxclock_0_0'

1. Summary
----------

CAUTION (success, with warnings) in the upgrade of zxnexys_zxclock_0_0 (specnext.com:specnext:zxclock:1.3) from (Rev. 4) to (Rev. 5)

After upgrade, an IP may have parameter and port differences compared to the original customization. Please review the parameters within the IP customization GUI to ensure proper functionality. Also, please review the updated IP instantiation template to ensure proper connectivity, and update your design if required.

2. Interface Information
------------------------

Detected external interface differences while upgrading 'zxnexys_zxclock_0_0'.


-Upgrade has removed interface 'clk_22m58'

-Upgrade has added interface 'clk_12m28' (xilinx.com:signal:clock:1.0)


3. Connection Warnings
----------------------

Detected external port differences while upgrading 'zxnexys_zxclock_0_0'. These changes may impact your design.


-Upgrade has removed port 'clk_22m58'

-Upgrade has added port 'clk_12m28'







Copyright 1986-2021 Xilinx, Inc. All Rights Reserved.
------------------------------------------------------------------------------------
| Tool Version : Vivado v.2021.2 (win64) Build 3367213 Tue Oct 19 02:48:09 MDT 2021
| Date         : Mon Dec 20 08:21:38 2021
| Host         : AW13R3 running 64-bit major release  (build 9200)
| Command      : upgrade_ip
| Device       : xc7a100tcsg324-1
------------------------------------------------------------------------------------

Upgrade Log for IP 'zxnexys_zxaudio_0_0'

1. Summary
----------

SUCCESS in the upgrade of zxnexys_zxaudio_0_0 (specnext.com:specnext:zxaudio:1.3) from (Rev. 15) to (Rev. 16)






Copyright 1986-2021 Xilinx, Inc. All Rights Reserved.
------------------------------------------------------------------------------------
| Tool Version : Vivado v.2021.2 (win64) Build 3367213 Tue Oct 19 02:48:09 MDT 2021
| Date         : Sun Dec 19 23:32:38 2021
| Host         : AW13R3 running 64-bit major release  (build 9200)
| Command      : upgrade_ip
| Device       : xc7a100tcsg324-1
------------------------------------------------------------------------------------

Upgrade Log for IP 'zxnexys_zxaudio_0_0'

1. Summary
----------

SUCCESS in the upgrade of zxnexys_zxaudio_0_0 (specnext.com:specnext:zxaudio:1.3) from (Rev. 13) to (Rev. 15)






Copyright 1986-2021 Xilinx, Inc. All Rights Reserved.
------------------------------------------------------------------------------------
| Tool Version : Vivado v.2021.2 (win64) Build 3367213 Tue Oct 19 02:48:09 MDT 2021
| Date         : Sun Dec 19 22:00:07 2021
| Host         : AW13R3 running 64-bit major release  (build 9200)
| Command      : upgrade_ip
| Device       : xc7a100tcsg324-1
------------------------------------------------------------------------------------

Upgrade Log for IP 'zxnexys_zxjoystick_0_0'

1. Summary
----------

SUCCESS in the upgrade of zxnexys_zxjoystick_0_0 (specnext.com:specnext:zxjoystick:2.3) from (Rev. 15) to (Rev. 16)






Copyright 1986-2021 Xilinx, Inc. All Rights Reserved.
------------------------------------------------------------------------------------
| Tool Version : Vivado v.2021.2 (win64) Build 3367213 Tue Oct 19 02:48:09 MDT 2021
| Date         : Sun Dec 19 22:00:07 2021
| Host         : AW13R3 running 64-bit major release  (build 9200)
| Command      : upgrade_ip
| Device       : xc7a100tcsg324-1
------------------------------------------------------------------------------------

Upgrade Log for IP 'zxnexys_zxaudio_0_0'

1. Summary
----------

SUCCESS in the upgrade of zxnexys_zxaudio_0_0 (specnext.com:specnext:zxaudio:1.3) from (Rev. 12) to (Rev. 13)






Copyright 1986-2021 Xilinx, Inc. All Rights Reserved.
------------------------------------------------------------------------------------
| Tool Version : Vivado v.2021.2 (win64) Build 3367213 Tue Oct 19 02:48:09 MDT 2021
| Date         : Sun Dec 19 20:30:47 2021
| Host         : AW13R3 running 64-bit major release  (build 9200)
| Command      : upgrade_ip
| Device       : xc7a100tcsg324-1
------------------------------------------------------------------------------------

Upgrade Log for IP 'zxnexys_zxaudio_0_0'

1. Summary
----------

SUCCESS in the conversion of zxnexys_zxaudio_0_0 (specnext.com:specnext:zxaudio:1.3 (Rev. 12)) to Vivado generation flows.






Copyright 1986-2021 Xilinx, Inc. All Rights Reserved.
------------------------------------------------------------------------------------
| Tool Version : Vivado v.2021.2 (win64) Build 3367213 Tue Oct 19 02:48:09 MDT 2021
| Date         : Sun Dec 19 19:51:29 2021
| Host         : AW13R3 running 64-bit major release  (build 9200)
| Command      : upgrade_ip
| Device       : xc7a100tcsg324-1
------------------------------------------------------------------------------------

Upgrade Log for IP 'zxnexys_zxjoystick_0_0'

1. Summary
----------

SUCCESS in the upgrade of zxnexys_zxjoystick_0_0 (specnext.com:specnext:zxjoystick:2.3) from (Rev. 14) to (Rev. 15)






Copyright 1986-2021 Xilinx, Inc. All Rights Reserved.
------------------------------------------------------------------------------------
| Tool Version : Vivado v.2021.2 (win64) Build 3367213 Tue Oct 19 02:48:09 MDT 2021
| Date         : Sun Dec 19 19:41:29 2021
| Host         : AW13R3 running 64-bit major release  (build 9200)
| Command      : upgrade_ip
| Device       : xc7a100tcsg324-1
------------------------------------------------------------------------------------

Upgrade Log for IP 'zxnexys_zxaudio_0_0'

1. Summary
----------

SUCCESS in the upgrade of zxnexys_zxaudio_0_0 (specnext.com:specnext:zxaudio:1.3) from (Rev. 11) to (Rev. 12)






Copyright 1986-2021 Xilinx, Inc. All Rights Reserved.
------------------------------------------------------------------------------------
| Tool Version : Vivado v.2021.2 (win64) Build 3367213 Tue Oct 19 02:48:09 MDT 2021
| Date         : Sun Dec 19 17:36:17 2021
| Host         : AW13R3 running 64-bit major release  (build 9200)
| Command      : upgrade_ip
| Device       : xc7a100tcsg324-1
------------------------------------------------------------------------------------

Upgrade Log for IP 'zxnexys_zxjoystick_0_0'

1. Summary
----------

SUCCESS in the upgrade of zxnexys_zxjoystick_0_0 (specnext.com:specnext:zxjoystick:2.3) from (Rev. 12) to (Rev. 14)






Copyright 1986-2021 Xilinx, Inc. All Rights Reserved.
------------------------------------------------------------------------------------
| Tool Version : Vivado v.2021.2 (win64) Build 3367213 Tue Oct 19 02:48:09 MDT 2021
| Date         : Sun Dec 19 17:36:17 2021
| Host         : AW13R3 running 64-bit major release  (build 9200)
| Command      : upgrade_ip
| Device       : xc7a100tcsg324-1
------------------------------------------------------------------------------------

Upgrade Log for IP 'zxnexys_zxaudio_0_0'

1. Summary
----------

SUCCESS in the upgrade of zxnexys_zxaudio_0_0 (specnext.com:specnext:zxaudio:1.3) from (Rev. 10) to (Rev. 11)






Copyright 1986-2021 Xilinx, Inc. All Rights Reserved.
------------------------------------------------------------------------------------
| Tool Version : Vivado v.2021.2 (win64) Build 3367213 Tue Oct 19 02:48:09 MDT 2021
| Date         : Sun Dec 19 16:52:43 2021
| Host         : AW13R3 running 64-bit major release  (build 9200)
| Command      : upgrade_ip
| Device       : xc7a100tcsg324-1
------------------------------------------------------------------------------------

Upgrade Log for IP 'zxnexys_zxvga_0_0'

1. Summary
----------

SUCCESS in the upgrade of zxnexys_zxvga_0_0 (specnext.com:specnext:zxvga:1.3) from (Rev. 4) to (Rev. 5)






Copyright 1986-2021 Xilinx, Inc. All Rights Reserved.
------------------------------------------------------------------------------------
| Tool Version : Vivado v.2021.2 (win64) Build 3367213 Tue Oct 19 02:48:09 MDT 2021
| Date         : Sun Dec 19 16:52:43 2021
| Host         : AW13R3 running 64-bit major release  (build 9200)
| Command      : upgrade_ip
| Device       : xc7a100tcsg324-1
------------------------------------------------------------------------------------

Upgrade Log for IP 'zxnexys_zxrtc_0_0'

1. Summary
----------

SUCCESS in the upgrade of zxnexys_zxrtc_0_0 (specnext.com:specnext:zxrtc:1.3) from (Rev. 5) to (Rev. 6)






Copyright 1986-2021 Xilinx, Inc. All Rights Reserved.
------------------------------------------------------------------------------------
| Tool Version : Vivado v.2021.2 (win64) Build 3367213 Tue Oct 19 02:48:09 MDT 2021
| Date         : Sun Dec 19 16:52:43 2021
| Host         : AW13R3 running 64-bit major release  (build 9200)
| Command      : upgrade_ip
| Device       : xc7a100tcsg324-1
------------------------------------------------------------------------------------

Upgrade Log for IP 'zxnexys_zxram_0_0'

1. Summary
----------

SUCCESS in the upgrade of zxnexys_zxram_0_0 (specnext.com:specnext:zxram:2.3) from (Rev. 4) to (Rev. 5)






Copyright 1986-2021 Xilinx, Inc. All Rights Reserved.
------------------------------------------------------------------------------------
| Tool Version : Vivado v.2021.2 (win64) Build 3367213 Tue Oct 19 02:48:09 MDT 2021
| Date         : Sun Dec 19 16:52:43 2021
| Host         : AW13R3 running 64-bit major release  (build 9200)
| Command      : upgrade_ip
| Device       : xc7a100tcsg324-1
------------------------------------------------------------------------------------

Upgrade Log for IP 'zxnexys_zxnexys_mic_0_0'

1. Summary
----------

SUCCESS in the upgrade of zxnexys_zxnexys_mic_0_0 (specnext.com:specnext:zxnexys_mic:1.0) from (Rev. 7) to (Rev. 8)






Copyright 1986-2021 Xilinx, Inc. All Rights Reserved.
------------------------------------------------------------------------------------
| Tool Version : Vivado v.2021.2 (win64) Build 3367213 Tue Oct 19 02:48:09 MDT 2021
| Date         : Sun Dec 19 16:52:43 2021
| Host         : AW13R3 running 64-bit major release  (build 9200)
| Command      : upgrade_ip
| Device       : xc7a100tcsg324-1
------------------------------------------------------------------------------------

Upgrade Log for IP 'zxnexys_zxnexys_led_sw_0_0'

1. Summary
----------

SUCCESS in the upgrade of zxnexys_zxnexys_led_sw_0_0 (specnext.com:specnext:zxnexys_led_sw:1.0) from (Rev. 5) to (Rev. 6)






Copyright 1986-2021 Xilinx, Inc. All Rights Reserved.
------------------------------------------------------------------------------------
| Tool Version : Vivado v.2021.2 (win64) Build 3367213 Tue Oct 19 02:48:09 MDT 2021
| Date         : Sun Dec 19 16:52:43 2021
| Host         : AW13R3 running 64-bit major release  (build 9200)
| Command      : upgrade_ip
| Device       : xc7a100tcsg324-1
------------------------------------------------------------------------------------

Upgrade Log for IP 'zxnexys_zxmouse_0_0'

1. Summary
----------

SUCCESS in the upgrade of zxnexys_zxmouse_0_0 (specnext.com:specnext:zxmouse:1.3) from (Rev. 5) to (Rev. 6)






Copyright 1986-2021 Xilinx, Inc. All Rights Reserved.
------------------------------------------------------------------------------------
| Tool Version : Vivado v.2021.2 (win64) Build 3367213 Tue Oct 19 02:48:09 MDT 2021
| Date         : Sun Dec 19 16:52:43 2021
| Host         : AW13R3 running 64-bit major release  (build 9200)
| Command      : upgrade_ip
| Device       : xc7a100tcsg324-1
------------------------------------------------------------------------------------

Upgrade Log for IP 'zxnexys_zxkeyboard_0_0'

1. Summary
----------

SUCCESS in the upgrade of zxnexys_zxkeyboard_0_0 (specnext.com:specnext:zxkeyboard:2.3) from (Rev. 4) to (Rev. 5)






Copyright 1986-2021 Xilinx, Inc. All Rights Reserved.
------------------------------------------------------------------------------------
| Tool Version : Vivado v.2021.2 (win64) Build 3367213 Tue Oct 19 02:48:09 MDT 2021
| Date         : Sun Dec 19 16:52:43 2021
| Host         : AW13R3 running 64-bit major release  (build 9200)
| Command      : upgrade_ip
| Device       : xc7a100tcsg324-1
------------------------------------------------------------------------------------

Upgrade Log for IP 'zxnexys_zxjoystick_0_0'

1. Summary
----------

SUCCESS in the upgrade of zxnexys_zxjoystick_0_0 (specnext.com:specnext:zxjoystick:2.3) from (Rev. 11) to (Rev. 12)






Copyright 1986-2021 Xilinx, Inc. All Rights Reserved.
------------------------------------------------------------------------------------
| Tool Version : Vivado v.2021.2 (win64) Build 3367213 Tue Oct 19 02:48:09 MDT 2021
| Date         : Sun Dec 19 16:52:43 2021
| Host         : AW13R3 running 64-bit major release  (build 9200)
| Command      : upgrade_ip
| Device       : xc7a100tcsg324-1
------------------------------------------------------------------------------------

Upgrade Log for IP 'zxnexys_zxaudio_0_0'

1. Summary
----------

SUCCESS in the upgrade of zxnexys_zxaudio_0_0 (specnext.com:specnext:zxaudio:1.3) from (Rev. 8) to (Rev. 10)






Copyright 1986-2021 Xilinx, Inc. All Rights Reserved.
------------------------------------------------------------------------------------
| Tool Version : Vivado v.2021.2 (win64) Build 3367213 Tue Oct 19 02:48:09 MDT 2021
| Date         : Sun Dec 19 13:52:09 2021
| Host         : AW13R3 running 64-bit major release  (build 9200)
| Command      : upgrade_ip
| Device       : xc7a100tcsg324-1
------------------------------------------------------------------------------------

Upgrade Log for IP 'zxnexys_zxjoystick_0_0'

1. Summary
----------

SUCCESS in the upgrade of zxnexys_zxjoystick_0_0 (specnext.com:specnext:zxjoystick:2.3) from (Rev. 10) to (Rev. 11)






Copyright 1986-2021 Xilinx, Inc. All Rights Reserved.
------------------------------------------------------------------------------------
| Tool Version : Vivado v.2021.2 (win64) Build 3367213 Tue Oct 19 02:48:09 MDT 2021
| Date         : Sun Dec 19 13:52:09 2021
| Host         : AW13R3 running 64-bit major release  (build 9200)
| Command      : upgrade_ip
| Device       : xc7a100tcsg324-1
------------------------------------------------------------------------------------

Upgrade Log for IP 'zxnexys_zxaudio_0_0'

1. Summary
----------

SUCCESS in the upgrade of zxnexys_zxaudio_0_0 (specnext.com:specnext:zxaudio:1.3) from (Rev. 7) to (Rev. 8)






Copyright 1986-2021 Xilinx, Inc. All Rights Reserved.
------------------------------------------------------------------------------------
| Tool Version : Vivado v.2021.2 (win64) Build 3367213 Tue Oct 19 02:48:09 MDT 2021
| Date         : Sun Dec 19 12:28:45 2021
| Host         : AW13R3 running 64-bit major release  (build 9200)
| Command      : upgrade_ip
| Device       : xc7a100tcsg324-1
------------------------------------------------------------------------------------

Upgrade Log for IP 'zxnexys_zxjoystick_0_0'

1. Summary
----------

SUCCESS in the upgrade of zxnexys_zxjoystick_0_0 (specnext.com:specnext:zxjoystick:2.3) from (Rev. 9) to (Rev. 10)

