Copyright 1986-2021 Xilinx, Inc. All Rights Reserved.
------------------------------------------------------------------------------------
| Tool Version : Vivado v.2021.1 (win64) Build 3247384 Thu Jun 10 19:36:33 MDT 2021
| Date         : Wed Nov 10 15:36:41 2021
| Host         : JL69XDHR2 running 64-bit major release  (build 9200)
| Command      : upgrade_ip
| Device       : xc7a100tcsg324-1
------------------------------------------------------------------------------------

Upgrade Log for IP 'zxram2_read_0_1'

1. Summary
----------

CAUTION (success, with warnings) in the conversion of zxram2_read_0_1 (xilinx.com:module_ref:read:1.0 (Rev. 1)) to Vivado generation flows.

After upgrade, an IP may have parameter and port differences compared to the original customization. Please review the parameters within the IP customization GUI to ensure proper functionality. Also, please review the updated IP instantiation template to ensure proper connectivity, and update your design if required.

2. Connection Warnings
----------------------

Detected external port differences while upgrading 'zxram2_read_0_1'. These changes may impact your design.


-Upgraded port order differs after port 'ARVALID'


3. Addressing Information
-------------------------

Detected addressing differences while upgrading 'zxram2_read_0_1'. These changes may impact your design.


-Upgrade has removed address space 'address_spaces'


